<?xml version="1.0" encoding="UTF-8"?>
<testng-results skipped="0" failed="0" ignored="1" total="3" passed="2">
  <reporter-output>
  </reporter-output>
  <suite name="Default suite" duration-ms="7103" started-at="2020-06-21T00:14:20 IST" finished-at="2020-06-21T00:14:27 IST">
    <groups>
    </groups>
    <test name="Default test" duration-ms="7103" started-at="2020-06-21T00:14:20 IST" finished-at="2020-06-21T00:14:27 IST">
      <class name="ui_bank.GetLoanStatus">
        <test-method status="PASS" signature="baseRequest()[pri:0, instance:ui_bank.GetLoanStatus@5bcea91b]" name="baseRequest" is-config="true" duration-ms="1082" started-at="2020-06-21T00:14:19 IST" finished-at="2020-06-21T00:14:20 IST">
          <reporter-output>
          </reporter-output>
        </test-method> <!-- baseRequest -->
        <test-method status="PASS" signature="getLoanStatus()[pri:0, instance:ui_bank.GetLoanStatus@5bcea91b]" name="getLoanStatus" duration-ms="1217" started-at="2020-06-21T00:14:26 IST" depends-on-methods="ui_bank.TakeNewLoan.takeLoan" finished-at="2020-06-21T00:14:27 IST">
          <reporter-output>
          </reporter-output>
        </test-method> <!-- getLoanStatus -->
      </class> <!-- ui_bank.GetLoanStatus -->
      <class name="ui_bank.TakeNewLoan">
        <test-method status="PASS" signature="takeLoan()[pri:0, instance:ui_bank.TakeNewLoan@5f3a4b84]" name="takeLoan" duration-ms="5818" started-at="2020-06-21T00:14:20 IST" finished-at="2020-06-21T00:14:26 IST">
          <reporter-output>
          </reporter-output>
        </test-method> <!-- takeLoan -->
      </class> <!-- ui_bank.TakeNewLoan -->
    </test> <!-- Default test -->
  </suite> <!-- Default suite -->
</testng-results>
