<?xml version="1.0" encoding="UTF-8"?>
<!-- Generated by org.testng.reporters.JUnitXMLReporter -->
<testsuite hostname="Barath-PC" ignored="1" name="Default test" tests="2" failures="0" timestamp="2020-06-21T00:14:27 IST" time="7.103" errors="0">
  <testcase name="takeLoan" time="5.818" classname="ui_bank.TakeNewLoan"/>
  <testcase name="getLoanStatus" time="1.217" classname="ui_bank.GetLoanStatus"/>
  <testcase name="@BeforeSuite baseRequest" time="0.0" classname="ui_bank.BaseRequest">
    <ignored/>
  </testcase> <!-- @BeforeSuite baseRequest -->
</testsuite> <!-- Default test -->
