<?xml version="1.0" encoding="UTF-8"?>
<!-- Generated by org.testng.reporters.JUnitXMLReporter -->
<testsuite hostname="IP-C613A448" ignored="2" name="Default test" tests="3" failures="0" timestamp="2020-06-26T00:51:55 IST" time="6.213" errors="0">
  <testcase name="generateAdminKey" time="3.617" classname="tomtom.GenerateAdminKey"/>
  <testcase name="createFence" time="1.377" classname="tomtom.CreateFence"/>
  <testcase name="getFenceList" time="1.158" classname="tomtom.GetFenceList"/>
  <testcase name="@BeforeSuite basicRequest" time="0.0" classname="tomtom.BaseRequest">
    <ignored/>
  </testcase> <!-- @BeforeSuite basicRequest -->
  <testcase name="@BeforeSuite basicRequest" time="0.0" classname="tomtom.BaseRequest">
    <ignored/>
  </testcase> <!-- @BeforeSuite basicRequest -->
</testsuite> <!-- Default test -->
